<?xml version="1.0" encoding="UTF-8"?>
<testng-results skipped="0" failed="0" ignored="0" total="1" passed="1">
  <reporter-output>
  </reporter-output>
  <suite name="Suite" duration-ms="48" started-at="2019-09-26T09:14:32 IST" finished-at="2019-09-26T09:14:32 IST">
    <groups>
    </groups>
    <test name="Test" duration-ms="48" started-at="2019-09-26T09:14:32 IST" finished-at="2019-09-26T09:14:32 IST">
      <class name="siemens.MyTest">
        <test-method status="PASS" signature="FirstTest()[pri:0, instance:siemens.MyTest@5a8e6209]" name="FirstTest" duration-ms="10" started-at="2019-09-26T09:14:32 IST" finished-at="2019-09-26T09:14:32 IST">
          <reporter-output>
          </reporter-output>
        </test-method> <!-- FirstTest -->
      </class> <!-- siemens.MyTest -->
    </test> <!-- Test -->
  </suite> <!-- Suite -->
</testng-results>
